<?xml version="1.0" encoding="UTF-8"?>
<!-- Generated by org.testng.reporters.JUnitReportReporter -->
<testsuite skipped="0" hostname="THUNDURUS" name="script.searchpg" tests="1" failures="0" timestamp="14 Apr 2019 15:04:21 GMT" time="28.110" errors="0">
  <testcase name="atc" time="28.110" classname="script.searchpg"/>
</testsuite> <!-- script.searchpg -->
