<?xml version="1.0" encoding="UTF-8"?>
<!-- Generated by org.testng.reporters.JUnitReportReporter -->
<testsuite skipped="0" hostname="THUNDURUS" name="script.searchpg" tests="1" failures="0" timestamp="14 Apr 2019 18:19:29 GMT" time="35.617" errors="0">
  <testcase name="atc" time="35.617" classname="script.searchpg"/>
</testsuite> <!-- script.searchpg -->
