<?xml version="1.0" encoding="UTF-8"?>
<!-- Generated by org.testng.reporters.JUnitReportReporter -->
<testsuite skipped="0" hostname="THUNDURUS" name="script.homepg" tests="1" failures="0" timestamp="07 Apr 2019 16:18:19 GMT" time="23.523" errors="0">
  <testcase name="banners" time="23.523" classname="script.homepg"/>
</testsuite> <!-- script.homepg -->
