<?xml version="1.0" encoding="UTF-8"?>
<!-- Generated by org.testng.reporters.JUnitReportReporter -->
<testsuite skipped="0" hostname="THUNDURUS" name="script.homepg" tests="1" failures="0" timestamp="05 Apr 2019 19:35:35 GMT" time="30.701" errors="0">
  <testcase name="banners" time="30.701" classname="script.homepg"/>
</testsuite> <!-- script.homepg -->
